----------------------------------------------------------------------------------------------------
Marvellous Process Log
Log file create at : Thu Jun 13 01:27:59 2024
----------------------------------------------------------------------------------------------------
{'username': 'NT AUTHORITY\\SYSTEM', 'name': 'System Idle Process', 'pid': 0} 
{'username': 'NT AUTHORITY\\SYSTEM', 'name': 'System', 'pid': 4} 
{'username': None, 'name': '', 'pid': 140} 
{'username': None, 'name': 'svchost.exe', 'pid': 144} 
{'username': None, 'name': 'Registry', 'pid': 200} 
{'username': None, 'name': 'smss.exe', 'pid': 724} 
{'username': None, 'name': 'dwm.exe', 'pid': 836} 
{'username': 'LAPTOP-LK1V5OH1\\ASUS', 'name': 'AsusScreenXpertReunion.exe', 'pid': 840} 
{'username': None, 'name': 'csrss.exe', 'pid': 1028} 
{'username': None, 'name': 'svchost.exe', 'pid': 1032} 
{'username': None, 'name': 'wininit.exe', 'pid': 1120} 
{'username': None, 'name': 'csrss.exe', 'pid': 1140} 
{'username': 'LAPTOP-LK1V5OH1\\ASUS', 'name': 'Code.exe', 'pid': 1148} 
{'username': None, 'name': 'winlogon.exe', 'pid': 1220} 
{'username': None, 'name': 'services.exe', 'pid': 1240} 
{'username': None, 'name': 'LsaIso.exe', 'pid': 1284} 
{'username': None, 'name': 'lsass.exe', 'pid': 1300} 
{'username': None, 'name': 'WmiPrvSE.exe', 'pid': 1376} 
{'username': None, 'name': 'svchost.exe', 'pid': 1420} 
{'username': None, 'name': 'fontdrvhost.exe', 'pid': 1448} 
{'username': None, 'name': 'fontdrvhost.exe', 'pid': 1456} 
{'username': None, 'name': 'WUDFHost.exe', 'pid': 1464} 
{'username': 'LAPTOP-LK1V5OH1\\ASUS', 'name': 'svchost.exe', 'pid': 1472} 
{'username': None, 'name': 'svchost.exe', 'pid': 1588} 
{'username': None, 'name': 'svchost.exe', 'pid': 1644} 
{'username': None, 'name': 'svchost.exe', 'pid': 1748} 
{'username': None, 'name': 'svchost.exe', 'pid': 1756} 
{'username': None, 'name': 'svchost.exe', 'pid': 1772} 
{'username': None, 'name': 'svchost.exe', 'pid': 1860} 
{'username': 'LAPTOP-LK1V5OH1\\ASUS', 'name': 'msedgewebview2.exe', 'pid': 1880} 
{'username': None, 'name': 'svchost.exe', 'pid': 1884} 
{'username': None, 'name': 'svchost.exe', 'pid': 1888} 
{'username': None, 'name': 'svchost.exe', 'pid': 1896} 
{'username': None, 'name': 'svchost.exe', 'pid': 1944} 
{'username': 'LAPTOP-LK1V5OH1\\ASUS', 'name': 'msedgewebview2.exe', 'pid': 2016} 
{'username': 'LAPTOP-LK1V5OH1\\ASUS', 'name': 'msedgewebview2.exe', 'pid': 2032} 
{'username': None, 'name': 'IntelCpHDCPSvc.exe', 'pid': 2040} 
{'username': None, 'name': 'svchost.exe', 'pid': 2076} 
{'username': 'LAPTOP-LK1V5OH1\\ASUS', 'name': 'msedgewebview2.exe', 'pid': 2224} 
{'username': None, 'name': 'svchost.exe', 'pid': 2248} 
{'username': 'LAPTOP-LK1V5OH1\\ASUS', 'name': 'msedge.exe', 'pid': 2292} 
{'username': None, 'name': 'svchost.exe', 'pid': 2308} 
{'username': None, 'name': 'svchost.exe', 'pid': 2328} 
{'username': None, 'name': 'svchost.exe', 'pid': 2336} 
{'username': 'LAPTOP-LK1V5OH1\\ASUS', 'name': 'msedgewebview2.exe', 'pid': 2356} 
{'username': None, 'name': 'GlideXNearService.exe', 'pid': 2384} 
{'username': None, 'name': 'svchost.exe', 'pid': 2388} 
{'username': 'LAPTOP-LK1V5OH1\\ASUS', 'name': 'SDXHelper.exe', 'pid': 2392} 
{'username': None, 'name': 'svchost.exe', 'pid': 2516} 
{'username': None, 'name': 'svchost.exe', 'pid': 2580} 
{'username': None, 'name': 'svchost.exe', 'pid': 2624} 
{'username': 'LAPTOP-LK1V5OH1\\ASUS', 'name': 'dllhost.exe', 'pid': 2628} 
{'username': None, 'name': 'svchost.exe', 'pid': 2660} 
{'username': None, 'name': 'WUDFHost.exe', 'pid': 2720} 
{'username': None, 'name': 'svchost.exe', 'pid': 2796} 
{'username': None, 'name': 'svchost.exe', 'pid': 2848} 
{'username': None, 'name': 'svchost.exe', 'pid': 2856} 
{'username': None, 'name': 'svchost.exe', 'pid': 2864} 
{'username': None, 'name': 'svchost.exe', 'pid': 2876} 
{'username': 'LAPTOP-LK1V5OH1\\ASUS', 'name': 'dllhost.exe', 'pid': 2948} 
{'username': None, 'name': 'svchost.exe', 'pid': 2976} 
{'username': None, 'name': 'MemCompression', 'pid': 3000} 
{'username': None, 'name': 'svchost.exe', 'pid': 3056} 
{'username': 'LAPTOP-LK1V5OH1\\ASUS', 'name': 'Code.exe', 'pid': 3092} 
{'username': None, 'name': 'AsusSwitch.exe', 'pid': 3116} 
{'username': None, 'name': 'AnyDesk.exe', 'pid': 3120} 
{'username': 'LAPTOP-LK1V5OH1\\ASUS', 'name': 'svchost.exe', 'pid': 3136} 
{'username': None, 'name': 'svchost.exe', 'pid': 3172} 
{'username': 'LAPTOP-LK1V5OH1\\ASUS', 'name': 'svchost.exe', 'pid': 3180} 
{'username': 'LAPTOP-LK1V5OH1\\ASUS', 'name': 'msedgewebview2.exe', 'pid': 3196} 
{'username': None, 'name': 'WUDFHost.exe', 'pid': 3252} 
{'username': None, 'name': 'svchost.exe', 'pid': 3316} 
{'username': None, 'name': 'svchost.exe', 'pid': 3344} 
{'username': None, 'name': 'svchost.exe', 'pid': 3396} 
{'username': None, 'name': 'GlideXService.exe', 'pid': 3416} 
{'username': None, 'name': 'svchost.exe', 'pid': 3428} 
{'username': 'LAPTOP-LK1V5OH1\\ASUS', 'name': 'dllhost.exe', 'pid': 3484} 
{'username': 'LAPTOP-LK1V5OH1\\ASUS', 'name': 'msedgewebview2.exe', 'pid': 3488} 
{'username': None, 'name': 'svchost.exe', 'pid': 3512} 
{'username': 'LAPTOP-LK1V5OH1\\ASUS', 'name': 'chrome.exe', 'pid': 3532} 
{'username': None, 'name': 'svchost.exe', 'pid': 3556} 
{'username': None, 'name': 'svchost.exe', 'pid': 3576} 
{'username': None, 'name': 'svchost.exe', 'pid': 3580} 
{'username': None, 'name': 'AsusOptimization.exe', 'pid': 3588} 
{'username': None, 'name': 'spoolsv.exe', 'pid': 3700} 
{'username': None, 'name': 'svchost.exe', 'pid': 3736} 
{'username': None, 'name': 'AsusSystemDiagnosis.exe', 'pid': 3796} 
{'username': None, 'name': 'wlanext.exe', 'pid': 3812} 
{'username': None, 'name': 'conhost.exe', 'pid': 3824} 
{'username': None, 'name': 'GlideXRemoteService.exe', 'pid': 3836} 
{'username': None, 'name': 'svchost.exe', 'pid': 3848} 
{'username': 'LAPTOP-LK1V5OH1\\ASUS', 'name': 'msedgewebview2.exe', 'pid': 3872} 
{'username': 'LAPTOP-LK1V5OH1\\ASUS', 'name': 'AdobeCollabSync.exe', 'pid': 3956} 
{'username': 'LAPTOP-LK1V5OH1\\ASUS', 'name': 'chrome.exe', 'pid': 3996} 
{'username': None, 'name': 'AsusAppService.exe', 'pid': 4052} 
{'username': None, 'name': 'AsusSoftwareManager.exe', 'pid': 4060} 
{'username': None, 'name': 'armsvc.exe', 'pid': 4068} 
{'username': None, 'name': 'AsusScreenXpertHostService.exe', 'pid': 4076} 
{'username': None, 'name': 'svchost.exe', 'pid': 4084} 
{'username': None, 'name': 'DtsApo4Service.exe', 'pid': 4092} 
{'username': None, 'name': 'ipfsvc.exe', 'pid': 4108} 
{'username': None, 'name': 'OfficeClickToRun.exe', 'pid': 4120} 
{'username': None, 'name': 'svchost.exe', 'pid': 4132} 
{'username': None, 'name': 'AsusSystemAnalysis.exe', 'pid': 4144} 
{'username': None, 'name': 'GlideXServiceExt.exe', 'pid': 4164} 
{'username': None, 'name': 'OneApp.IGCC.WinService.exe', 'pid': 4208} 
{'username': None, 'name': 'svchost.exe', 'pid': 4300} 
{'username': 'LAPTOP-LK1V5OH1\\ASUS', 'name': 'Zoom.exe', 'pid': 4312} 
{'username': 'LAPTOP-LK1V5OH1\\ASUS', 'name': 'AsusOptimizationStartupTask.exe', 'pid': 4352} 
{'username': None, 'name': 'IntelAudioService.exe', 'pid': 4408} 
{'username': None, 'name': 'jhi_service.exe', 'pid': 4520} 
{'username': None, 'name': 'svchost.exe', 'pid': 4528} 
{'username': None, 'name': 'MpDefenderCoreService.exe', 'pid': 4544} 
{'username': None, 'name': 'ipf_uf.exe', 'pid': 4568} 
{'username': None, 'name': 'RtkAudUService64.exe', 'pid': 4600} 
{'username': None, 'name': 'sqlwriter.exe', 'pid': 4608} 
{'username': None, 'name': 'RstMwService.exe', 'pid': 4616} 
{'username': None, 'name': 'servicehost.exe', 'pid': 4672} 
{'username': None, 'name': 'svchost.exe', 'pid': 4752} 
{'username': None, 'name': 'MsMpEng.exe', 'pid': 4760} 
{'username': None, 'name': 'svchost.exe', 'pid': 4840} 
{'username': None, 'name': 'WMIRegistrationService.exe', 'pid': 4872} 
{'username': None, 'name': 'sqlservr.exe', 'pid': 4880} 
{'username': None, 'name': 'svchost.exe', 'pid': 4904} 
{'username': None, 'name': 'unsecapp.exe', 'pid': 4956} 
{'username': 'LAPTOP-LK1V5OH1\\ASUS', 'name': 'AdobeCollabSync.exe', 'pid': 5012} 
{'username': None, 'name': 'svchost.exe', 'pid': 5128} 
{'username': 'LAPTOP-LK1V5OH1\\ASUS', 'name': 'HxTsr.exe', 'pid': 5184} 
{'username': 'LAPTOP-LK1V5OH1\\ASUS', 'name': 'Code.exe', 'pid': 5216} 
{'username': 'LAPTOP-LK1V5OH1\\ASUS', 'name': 'chrome.exe', 'pid': 5348} 
{'username': None, 'name': 'NisSrv.exe', 'pid': 5376} 
{'username': None, 'name': 'svchost.exe', 'pid': 5756} 
{'username': 'LAPTOP-LK1V5OH1\\ASUS', 'name': 'msedgewebview2.exe', 'pid': 5784} 
{'username': None, 'name': 'svchost.exe', 'pid': 5908} 
{'username': 'LAPTOP-LK1V5OH1\\ASUS', 'name': 'Code.exe', 'pid': 6028} 
{'username': None, 'name': 'svchost.exe', 'pid': 6072} 
{'username': None, 'name': 'MoUsoCoreWorker.exe', 'pid': 6088} 
{'username': 'LAPTOP-LK1V5OH1\\ASUS', 'name': 'svchost.exe', 'pid': 6128} 
{'username': None, 'name': 'WmiPrvSE.exe', 'pid': 6188} 
{'username': None, 'name': 'svchost.exe', 'pid': 6376} 
{'username': 'LAPTOP-LK1V5OH1\\ASUS', 'name': 'msedgewebview2.exe', 'pid': 6460} 
{'username': 'LAPTOP-LK1V5OH1\\ASUS', 'name': 'ipf_helper.exe', 'pid': 6464} 
{'username': 'LAPTOP-LK1V5OH1\\ASUS', 'name': 'msedgewebview2.exe', 'pid': 6784} 
{'username': 'LAPTOP-LK1V5OH1\\ASUS', 'name': 'chrome.exe', 'pid': 6816} 
{'username': 'LAPTOP-LK1V5OH1\\ASUS', 'name': 'chrome.exe', 'pid': 7152} 
{'username': None, 'name': 'svchost.exe', 'pid': 7240} 
{'username': 'LAPTOP-LK1V5OH1\\ASUS', 'name': 'Widgets.exe', 'pid': 7308} 
{'username': 'LAPTOP-LK1V5OH1\\ASUS', 'name': 'chrome.exe', 'pid': 7372} 
{'username': None, 'name': 'svchost.exe', 'pid': 7380} 
{'username': 'LAPTOP-LK1V5OH1\\ASUS', 'name': 'svchost.exe', 'pid': 7508} 
{'username': None, 'name': 'AggregatorHost.exe', 'pid': 7768} 
{'username': None, 'name': 'AsusWiFiSmartConnect.exe', 'pid': 7856} 
{'username': 'LAPTOP-LK1V5OH1\\ASUS', 'name': 'Code.exe', 'pid': 7872} 
{'username': 'LAPTOP-LK1V5OH1\\ASUS', 'name': 'chrome.exe', 'pid': 7892} 
{'username': None, 'name': 'conhost.exe', 'pid': 7912} 
{'username': None, 'name': 'WmiPrvSE.exe', 'pid': 8016} 
{'username': 'LAPTOP-LK1V5OH1\\ASUS', 'name': 'AsusSystemAnalysis.exe', 'pid': 8060} 
{'username': 'LAPTOP-LK1V5OH1\\ASUS', 'name': 'svchost.exe', 'pid': 8148} 
{'username': 'LAPTOP-LK1V5OH1\\ASUS', 'name': 'conhost.exe', 'pid': 8160} 
{'username': None, 'name': 'RtkAudUService64.exe', 'pid': 8168} 
{'username': None, 'name': 'svchost.exe', 'pid': 8448} 
{'username': None, 'name': 'svchost.exe', 'pid': 8508} 
{'username': 'LAPTOP-LK1V5OH1\\ASUS', 'name': 'msedgewebview2.exe', 'pid': 8724} 
{'username': 'LAPTOP-LK1V5OH1\\ASUS', 'name': 'sihost.exe', 'pid': 8768} 
{'username': 'LAPTOP-LK1V5OH1\\ASUS', 'name': 'LocationNotificationWindows.exe', 'pid': 8868} 
{'username': 'LAPTOP-LK1V5OH1\\ASUS', 'name': 'chrome.exe', 'pid': 8924} 
{'username': 'LAPTOP-LK1V5OH1\\ASUS', 'name': 'SecurityHealthSystray.exe', 'pid': 8952} 
{'username': 'LAPTOP-LK1V5OH1\\ASUS', 'name': 'uihost.exe', 'pid': 9080} 
{'username': 'LAPTOP-LK1V5OH1\\ASUS', 'name': 'msedge.exe', 'pid': 9208} 
{'username': None, 'name': 'svchost.exe', 'pid': 9256} 
{'username': None, 'name': 'svchost.exe', 'pid': 9264} 
{'username': 'LAPTOP-LK1V5OH1\\ASUS', 'name': 'taskhostw.exe', 'pid': 9360} 
{'username': None, 'name': 'BraveCrashHandler.exe', 'pid': 9388} 
{'username': 'LAPTOP-LK1V5OH1\\ASUS', 'name': 'LockApp.exe', 'pid': 9676} 
{'username': None, 'name': 'BraveCrashHandler64.exe', 'pid': 9680} 
{'username': 'LAPTOP-LK1V5OH1\\ASUS', 'name': 'explorer.exe', 'pid': 9736} 
{'username': 'LAPTOP-LK1V5OH1\\ASUS', 'name': 'HxOutlook.exe', 'pid': 9776} 
{'username': None, 'name': 'svchost.exe', 'pid': 9816} 
{'username': None, 'name': 'svchost.exe', 'pid': 9828} 
{'username': 'LAPTOP-LK1V5OH1\\ASUS', 'name': 'chrome.exe', 'pid': 9972} 
{'username': 'LAPTOP-LK1V5OH1\\ASUS', 'name': 'ApplicationFrameHost.exe', 'pid': 10052} 
{'username': None, 'name': 'svchost.exe', 'pid': 10056} 
{'username': None, 'name': 'SearchIndexer.exe', 'pid': 10176} 
{'username': None, 'name': 'svchost.exe', 'pid': 10188} 
{'username': 'LAPTOP-LK1V5OH1\\ASUS', 'name': 'RuntimeBroker.exe', 'pid': 10404} 
{'username': 'LAPTOP-LK1V5OH1\\ASUS', 'name': 'conhost.exe', 'pid': 10408} 
{'username': 'LAPTOP-LK1V5OH1\\ASUS', 'name': 'RuntimeBroker.exe', 'pid': 10432} 
{'username': 'LAPTOP-LK1V5OH1\\ASUS', 'name': 'msedgewebview2.exe', 'pid': 10456} 
{'username': 'LAPTOP-LK1V5OH1\\ASUS', 'name': 'chrome.exe', 'pid': 10744} 
{'username': 'LAPTOP-LK1V5OH1\\ASUS', 'name': 'svchost.exe', 'pid': 10796} 
{'username': 'LAPTOP-LK1V5OH1\\ASUS', 'name': 'msedge.exe', 'pid': 10808} 
{'username': None, 'name': 'svchost.exe', 'pid': 10848} 
{'username': None, 'name': 'SecurityHealthService.exe', 'pid': 11080} 
{'username': 'LAPTOP-LK1V5OH1\\ASUS', 'name': 'SearchHost.exe', 'pid': 11168} 
{'username': 'LAPTOP-LK1V5OH1\\ASUS', 'name': 'StartMenuExperienceHost.exe', 'pid': 11192} 
{'username': None, 'name': 'svchost.exe', 'pid': 11240} 
{'username': None, 'name': 'AsusScreenXpertUI.exe', 'pid': 11648} 
{'username': 'LAPTOP-LK1V5OH1\\ASUS', 'name': 'chrome.exe', 'pid': 11656} 
{'username': 'LAPTOP-LK1V5OH1\\ASUS', 'name': 'cmd.exe', 'pid': 11868} 
{'username': 'LAPTOP-LK1V5OH1\\ASUS', 'name': 'Code.exe', 'pid': 11908} 
{'username': None, 'name': 'WmiPrvSE.exe', 'pid': 12012} 
{'username': 'LAPTOP-LK1V5OH1\\ASUS', 'name': 'msedgewebview2.exe', 'pid': 12036} 
{'username': 'LAPTOP-LK1V5OH1\\ASUS', 'name': 'RuntimeBroker.exe', 'pid': 12092} 
{'username': 'LAPTOP-LK1V5OH1\\ASUS', 'name': 'ctfmon.exe', 'pid': 12100} 
{'username': 'LAPTOP-LK1V5OH1\\ASUS', 'name': 'msedgewebview2.exe', 'pid': 12112} 
{'username': 'LAPTOP-LK1V5OH1\\ASUS', 'name': 'chrome.exe', 'pid': 12128} 
{'username': 'LAPTOP-LK1V5OH1\\ASUS', 'name': 'AsusScreenXpertUserUI.exe', 'pid': 12148} 
{'username': 'LAPTOP-LK1V5OH1\\ASUS', 'name': 'msedgewebview2.exe', 'pid': 12356} 
{'username': 'LAPTOP-LK1V5OH1\\ASUS', 'name': 'msedge.exe', 'pid': 12364} 
{'username': 'LAPTOP-LK1V5OH1\\ASUS', 'name': 'WidgetService.exe', 'pid': 12376} 
{'username': 'LAPTOP-LK1V5OH1\\ASUS', 'name': 'OneDrive.exe', 'pid': 12424} 
{'username': 'LAPTOP-LK1V5OH1\\ASUS', 'name': 'msedgewebview2.exe', 'pid': 12492} 
{'username': None, 'name': 'svchost.exe', 'pid': 12688} 
{'username': 'LAPTOP-LK1V5OH1\\ASUS', 'name': 'ShellExperienceHost.exe', 'pid': 12948} 
{'username': 'LAPTOP-LK1V5OH1\\ASUS', 'name': 'RuntimeBroker.exe', 'pid': 12996} 
{'username': 'LAPTOP-LK1V5OH1\\ASUS', 'name': 'svchost.exe', 'pid': 13052} 
{'username': 'LAPTOP-LK1V5OH1\\ASUS', 'name': 'AsusSoftwareManagerAgent.exe', 'pid': 13132} 
{'username': 'LAPTOP-LK1V5OH1\\ASUS', 'name': 'SystemSettingsBroker.exe', 'pid': 13148} 
{'username': 'LAPTOP-LK1V5OH1\\ASUS', 'name': 'chrome.exe', 'pid': 13212} 
{'username': None, 'name': 'svchost.exe', 'pid': 13256} 
{'username': None, 'name': 'svchost.exe', 'pid': 13272} 
{'username': 'LAPTOP-LK1V5OH1\\ASUS', 'name': 'UserOOBEBroker.exe', 'pid': 13300} 
{'username': 'LAPTOP-LK1V5OH1\\ASUS', 'name': 'AsusOSD.exe', 'pid': 13508} 
{'username': 'LAPTOP-LK1V5OH1\\ASUS', 'name': 'TextInputHost.exe', 'pid': 13576} 
{'username': 'LAPTOP-LK1V5OH1\\ASUS', 'name': 'msedge.exe', 'pid': 13632} 
{'username': 'LAPTOP-LK1V5OH1\\ASUS', 'name': 'msedgewebview2.exe', 'pid': 13728} 
{'username': 'LAPTOP-LK1V5OH1\\ASUS', 'name': 'AnyDesk.exe', 'pid': 13880} 
{'username': 'LAPTOP-LK1V5OH1\\ASUS', 'name': 'zWebview2Agent.exe', 'pid': 14088} 
{'username': 'LAPTOP-LK1V5OH1\\ASUS', 'name': 'lmc.exe', 'pid': 14408} 
{'username': 'LAPTOP-LK1V5OH1\\ASUS', 'name': 'WhatsApp.exe', 'pid': 14416} 
{'username': 'LAPTOP-LK1V5OH1\\ASUS', 'name': 'msteams.exe', 'pid': 14488} 
{'username': 'LAPTOP-LK1V5OH1\\ASUS', 'name': 'RuntimeBroker.exe', 'pid': 14548} 
{'username': 'LAPTOP-LK1V5OH1\\ASUS', 'name': 'RuntimeBroker.exe', 'pid': 14660} 
{'username': None, 'name': 'svchost.exe', 'pid': 14676} 
{'username': 'LAPTOP-LK1V5OH1\\ASUS', 'name': 'msedgewebview2.exe', 'pid': 14852} 
{'username': 'LAPTOP-LK1V5OH1\\ASUS', 'name': 'msedgewebview2.exe', 'pid': 14884} 
{'username': 'LAPTOP-LK1V5OH1\\ASUS', 'name': 'msedgewebview2.exe', 'pid': 15032} 
{'username': 'LAPTOP-LK1V5OH1\\ASUS', 'name': 'msedgewebview2.exe', 'pid': 15048} 
{'username': 'LAPTOP-LK1V5OH1\\ASUS', 'name': 'msedgewebview2.exe', 'pid': 15072} 
{'username': 'LAPTOP-LK1V5OH1\\ASUS', 'name': 'msedgewebview2.exe', 'pid': 15220} 
{'username': None, 'name': 'svchost.exe', 'pid': 15432} 
{'username': 'LAPTOP-LK1V5OH1\\ASUS', 'name': 'FileCoAuth.exe', 'pid': 15860} 
{'username': 'LAPTOP-LK1V5OH1\\ASUS', 'name': 'RtkAudUService64.exe', 'pid': 15896} 
{'username': 'LAPTOP-LK1V5OH1\\ASUS', 'name': 'msedgewebview2.exe', 'pid': 16060} 
{'username': 'LAPTOP-LK1V5OH1\\ASUS', 'name': 'RuntimeBroker.exe', 'pid': 16068} 
{'username': 'LAPTOP-LK1V5OH1\\ASUS', 'name': 'chrome.exe', 'pid': 16256} 
{'username': 'LAPTOP-LK1V5OH1\\ASUS', 'name': 'chrome.exe', 'pid': 16316} 
{'username': None, 'name': 'svchost.exe', 'pid': 16432} 
{'username': None, 'name': 'dasHost.exe', 'pid': 16480} 
{'username': 'LAPTOP-LK1V5OH1\\ASUS', 'name': 'Zoom.exe', 'pid': 16544} 
{'username': 'LAPTOP-LK1V5OH1\\ASUS', 'name': 'conhost.exe', 'pid': 16612} 
{'username': 'LAPTOP-LK1V5OH1\\ASUS', 'name': 'Code.exe', 'pid': 16620} 
{'username': 'LAPTOP-LK1V5OH1\\ASUS', 'name': 'chrome.exe', 'pid': 16920} 
{'username': 'LAPTOP-LK1V5OH1\\ASUS', 'name': 'msedgewebview2.exe', 'pid': 16996} 
{'username': None, 'name': 'svchost.exe', 'pid': 17076} 
{'username': None, 'name': 'svchost.exe', 'pid': 17296} 
{'username': 'LAPTOP-LK1V5OH1\\ASUS', 'name': 'powershell.exe', 'pid': 17320} 
{'username': 'LAPTOP-LK1V5OH1\\ASUS', 'name': 'Zoom.exe', 'pid': 17780} 
{'username': None, 'name': 'svchost.exe', 'pid': 17940} 
{'username': 'LAPTOP-LK1V5OH1\\ASUS', 'name': 'RuntimeBroker.exe', 'pid': 17948} 
{'username': 'LAPTOP-LK1V5OH1\\ASUS', 'name': 'Code.exe', 'pid': 18084} 
{'username': 'LAPTOP-LK1V5OH1\\ASUS', 'name': 'chrome.exe', 'pid': 18224} 
{'username': 'LAPTOP-LK1V5OH1\\ASUS', 'name': 'Code.exe', 'pid': 18288} 
{'username': 'LAPTOP-LK1V5OH1\\ASUS', 'name': 'chrome.exe', 'pid': 18308} 
{'username': 'LAPTOP-LK1V5OH1\\ASUS', 'name': 'Code.exe', 'pid': 18316} 
{'username': None, 'name': 'svchost.exe', 'pid': 18320} 
{'username': 'LAPTOP-LK1V5OH1\\ASUS', 'name': 'chrome.exe', 'pid': 18540} 
{'username': 'LAPTOP-LK1V5OH1\\ASUS', 'name': 'chrome.exe', 'pid': 18568} 
{'username': 'LAPTOP-LK1V5OH1\\ASUS', 'name': 'SystemSettings.exe', 'pid': 18956} 
{'username': 'LAPTOP-LK1V5OH1\\ASUS', 'name': 'chrome.exe', 'pid': 19040} 
{'username': 'LAPTOP-LK1V5OH1\\ASUS', 'name': 'msedge.exe', 'pid': 19064} 
{'username': 'LAPTOP-LK1V5OH1\\ASUS', 'name': 'chrome.exe', 'pid': 19140} 
{'username': 'LAPTOP-LK1V5OH1\\ASUS', 'name': 'chrome.exe', 'pid': 19248} 
{'username': 'LAPTOP-LK1V5OH1\\ASUS', 'name': 'msedge.exe', 'pid': 19264} 
{'username': 'LAPTOP-LK1V5OH1\\ASUS', 'name': 'msedge.exe', 'pid': 19676} 
{'username': 'LAPTOP-LK1V5OH1\\ASUS', 'name': 'msedge.exe', 'pid': 19956} 
{'username': 'LAPTOP-LK1V5OH1\\ASUS', 'name': 'chrome.exe', 'pid': 20084} 
{'username': None, 'name': 'svchost.exe', 'pid': 20092} 
{'username': 'LAPTOP-LK1V5OH1\\ASUS', 'name': 'python.exe', 'pid': 20700} 
{'username': 'LAPTOP-LK1V5OH1\\ASUS', 'name': 'RtkUWP.exe', 'pid': 21648} 
{'username': 'LAPTOP-LK1V5OH1\\ASUS', 'name': 'msedge.exe', 'pid': 21760} 
{'username': 'LAPTOP-LK1V5OH1\\ASUS', 'name': 'RuntimeBroker.exe', 'pid': 22008} 
{'username': 'LAPTOP-LK1V5OH1\\ASUS', 'name': 'msedge.exe', 'pid': 22304} 
{'username': 'LAPTOP-LK1V5OH1\\ASUS', 'name': 'msedge.exe', 'pid': 23068} 
{'username': 'LAPTOP-LK1V5OH1\\ASUS', 'name': 'chrome.exe', 'pid': 23508} 
----------------------------------------------------------------------------------------------------
